<?xml version="1.0" encoding="UTF-8"?>
<!-- Generated by org.testng.reporters.JUnitReportReporter -->
<testsuite skipped="0" hostname="DESKTOP-LA17J7K" name="Testcases.Test4" tests="1" failures="0" timestamp="2020-01-31T05:15:58 EST" time="0.005" errors="0">
  <testcase name="went" time="0.005" classname="Testcases.Test4"/>
</testsuite> <!-- Testcases.Test4 -->
