<?xml version="1.0" encoding="UTF-8"?>
<!-- Generated by org.testng.reporters.JUnitReportReporter -->
<testsuite skipped="0" hostname="DESKTOP-LA17J7K" name="Testcases.Test2" tests="1" failures="0" timestamp="2020-01-28T05:11:12 EST" time="0.000" errors="0">
  <testcase name="demo3" time="0.000" classname="Testcases.Test2"/>
</testsuite> <!-- Testcases.Test2 -->
