<?xml version="1.0" encoding="UTF-8"?>
<!-- Generated by org.testng.reporters.JUnitReportReporter -->
<testsuite skipped="1" hostname="DESKTOP-LA17J7K" name="Testcases.Carloan" tests="8" failures="0" timestamp="2020-01-31T05:15:58 EST" time="0.024" errors="0">
  <testcase name="mobileLoginHome" time="0.010" classname="Testcases.Carloan"/>
  <testcase name="APILoginHome" time="0.002" classname="Testcases.Carloan"/>
  <testcase name="webLoginCar" time="0.003" classname="Testcases.Carloan"/>
  <testcase name="mobileSignoutHome" time="0.001" classname="Testcases.Carloan"/>
  <testcase name="mobileSignoutHome" time="0.002" classname="Testcases.Carloan"/>
  <testcase name="mobileSigninHome" time="0.004" classname="Testcases.Carloan"/>
  <testcase name="mobileSignoutHome" time="0.002" classname="Testcases.Carloan"/>
  <testcase name="mobileLogoutHome" classname="Testcases.Carloan">
    <skipped/>
  </testcase> <!-- mobileLogoutHome -->
</testsuite> <!-- Testcases.Carloan -->
