<?xml version="1.0" encoding="UTF-8"?>
<!-- Generated by org.testng.reporters.JUnitReportReporter -->
<testsuite skipped="0" hostname="DESKTOP-LA17J7K" name="Testcases.Test3" tests="1" failures="0" timestamp="2020-01-31T05:15:58 EST" time="0.015" errors="0">
  <testcase name="managerSection" time="0.015" classname="Testcases.Test3"/>
</testsuite> <!-- Testcases.Test3 -->
